[kbplacer_plugin_action.py:79]: Plugin executed with KiCad version: 7.0.10
[kbplacer_plugin_action.py:80]: Plugin executed with python version: '3.9.16 (main, Oct 13 2023, 05:50:11) [MSC v.1936 64 bit (AMD64)]'
[kbplacer_dialog.py:512]: Language: en
[kbplacer_plugin_action.py:96]: GUI state: {"switch_section": {"annotation": "SW{}", "layout_path": "C:\\Users\\devcat\\Downloads\\keyboard-layout-internal.json", "x_distance": "19.05", "y_distance": "19.05"}, "switch_diodes_section": {"enable": true, "route_switches_with_diodes": false, "element_info": {"annotation_format": "D{}", "position_option": "Custom", "position": {"relative_position": [5.08, 4.03], "orientation": 90.0, "side": "BACK"}, "template_path": ""}}, "additional_elements": {"elements_info": [{"annotation_format": "ST{}", "position_option": "Custom", "position": {"relative_position": [0.0, 0.0], "orientation": 0.0, "side": "BACK"}, "template_path": ""}]}, "misc_section": {"route_rows_and_columns": false, "template_path": ""}}
[key_placer.py:66]: Set key 1U distance: 19050000/19050000
[key_placer.py:451]: Diode info: ElementInfo(annotation_format='D{}', position_option=<PositionOption.CUSTOM: 'Custom'>, position=ElementPosition(relative_position=Point(x=5.08, y=4.03), orientation=90.0, side=<Side.BACK: True>), template_path='')
[key_placer.py:493]: User layout: {'meta': {'author': '', 'backcolor': '#eeeeee', 'background': None, 'name': '', 'notes': '', 'radii': '', 'switchBrand': '', 'switchMount': '', 'switchType': ''}, 'keys': [{'color': '#cccccc', 'labels': ['esc'], 'textColor': [], 'textSize': [], 'default': {'textColor': '#000000', 'textSize': 3}, 'x': 0, 'y': 0, 'width': 1, 'height': 1, 'x2': 0, 'y2': 0, 'width2': 1, 'height2': 1, 'rotation_x': 0, 'rotation_y': 0, 'rotation_angle': 0, 'decal': False, 'ghost': False, 'stepped': False, 'nub': False, 'profile': '', 'sm': '', 'sb': '', 'st': ''}, {'color': '#cccccc', 'labels': ['1'], 'textColor': [], 'textSize': [], 'default': {'textColor': '#000000', 'textSize': 3}, 'x': 1, 'y': 0, 'width': 1, 'height': 1, 'x2': 0, 'y2': 0, 'width2': 1, 'height2': 1, 'rotation_x': 0, 'rotation_y': 0, 'rotation_angle': 0, 'decal': False, 'ghost': False, 'stepped': False, 'nub': False, 'profile': '', 'sm': '', 'sb': '', 'st': ''}, {'color': '#cccccc', 'labels': ['2'], 'textColor': [], 'textSize': [], 'default': {'textColor': '#000000', 'textSize': 3}, 'x': 2, 'y': 0, 'width': 1, 'height': 1, 'x2': 0, 'y2': 0, 'width2': 1, 'height2': 1, 'rotation_x': 0, 'rotation_y': 0, 'rotation_angle': 0, 'decal': False, 'ghost': False, 'stepped': False, 'nub': False, 'profile': '', 'sm': '', 'sb': '', 'st': ''}, {'color': '#cccccc', 'labels': ['3'], 'textColor': [], 'textSize': [], 'default': {'textColor': '#000000', 'textSize': 3}, 'x': 3, 'y': 0, 'width': 1, 'height': 1, 'x2': 0, 'y2': 0, 'width2': 1, 'height2': 1, 'rotation_x': 0, 'rotation_y': 0, 'rotation_angle': 0, 'decal': False, 'ghost': False, 'stepped': False, 'nub': False, 'profile': '', 'sm': '', 'sb': '', 'st': ''}, {'color': '#cccccc', 'labels': ['4'], 'textColor': [], 'textSize': [], 'default': {'textColor': '#000000', 'textSize': 3}, 'x': 4, 'y': 0, 'width': 1, 'height': 1, 'x2': 0, 'y2': 0, 'width2': 1, 'height2': 1, 'rotation_x': 0, 'rotation_y': 0, 'rotation_angle': 0, 'decal': False, 'ghost': False, 'stepped': False, 'nub': False, 'profile': '', 'sm': '', 'sb': '', 'st': ''}, {'color': '#cccccc', 'labels': ['5'], 'textColor': [], 'textSize': [], 'default': {'textColor': '#000000', 'textSize': 3}, 'x': 5, 'y': 0, 'width': 1, 'height': 1, 'x2': 0, 'y2': 0, 'width2': 1, 'height2': 1, 'rotation_x': 0, 'rotation_y': 0, 'rotation_angle': 0, 'decal': False, 'ghost': False, 'stepped': False, 'nub': False, 'profile': '', 'sm': '', 'sb': '', 'st': ''}, {'color': '#cccccc', 'labels': ['tab'], 'textColor': [], 'textSize': [], 'default': {'textColor': '#000000', 'textSize': 3}, 'x': 0, 'y': 1, 'width': 1.25, 'height': 1, 'x2': 0, 'y2': 0, 'width2': 1.25, 'height2': 1, 'rotation_x': 0, 'rotation_y': 0, 'rotation_angle': 0, 'decal': False, 'ghost': False, 'stepped': False, 'nub': False, 'profile': '', 'sm': '', 'sb': '', 'st': ''}, {'color': '#cccccc', 'labels': ['q'], 'textColor': [], 'textSize': [], 'default': {'textColor': '#000000', 'textSize': 3}, 'x': 1.25, 'y': 1, 'width': 1, 'height': 1, 'x2': 0, 'y2': 0, 'width2': 1, 'height2': 1, 'rotation_x': 0, 'rotation_y': 0, 'rotation_angle': 0, 'decal': False, 'ghost': False, 'stepped': False, 'nub': False, 'profile': '', 'sm': '', 'sb': '', 'st': ''}, {'color': '#cccccc', 'labels': ['w'], 'textColor': [], 'textSize': [], 'default': {'textColor': '#000000', 'textSize': 3}, 'x': 2.25, 'y': 1, 'width': 1, 'height': 1, 'x2': 0, 'y2': 0, 'width2': 1, 'height2': 1, 'rotation_x': 0, 'rotation_y': 0, 'rotation_angle': 0, 'decal': False, 'ghost': False, 'stepped': False, 'nub': False, 'profile': '', 'sm': '', 'sb': '', 'st': ''}, {'color': '#cccccc', 'labels': ['e'], 'textColor': [], 'textSize': [], 'default': {'textColor': '#000000', 'textSize': 3}, 'x': 3.25, 'y': 1, 'width': 1, 'height': 1, 'x2': 0, 'y2': 0, 'width2': 1, 'height2': 1, 'rotation_x': 0, 'rotation_y': 0, 'rotation_angle': 0, 'decal': False, 'ghost': False, 'stepped': False, 'nub': False, 'profile': '', 'sm': '', 'sb': '', 'st': ''}, {'color': '#cccccc', 'labels': ['r'], 'textColor': [], 'textSize': [], 'default': {'textColor': '#000000', 'textSize': 3}, 'x': 4.25, 'y': 1, 'width': 1, 'height': 1, 'x2': 0, 'y2': 0, 'width2': 1, 'height2': 1, 'rotation_x': 0, 'rotation_y': 0, 'rotation_angle': 0, 'decal': False, 'ghost': False, 'stepped': False, 'nub': False, 'profile': '', 'sm': '', 'sb': '', 'st': ''}, {'color': '#cccccc', 'labels': ['t'], 'textColor': [], 'textSize': [], 'default': {'textColor': '#000000', 'textSize': 3}, 'x': 5.25, 'y': 1, 'width': 1, 'height': 1, 'x2': 0, 'y2': 0, 'width2': 1, 'height2': 1, 'rotation_x': 0, 'rotation_y': 0, 'rotation_angle': 0, 'decal': False, 'ghost': False, 'stepped': False, 'nub': False, 'profile': '', 'sm': '', 'sb': '', 'st': ''}, {'color': '#cccccc', 'labels': ['ctrl'], 'textColor': [], 'textSize': [], 'default': {'textColor': '#000000', 'textSize': 3}, 'x': 0, 'y': 2, 'width': 1.5, 'height': 1, 'x2': 0, 'y2': 0, 'width2': 1.5, 'height2': 1, 'rotation_x': 0, 'rotation_y': 0, 'rotation_angle': 0, 'decal': False, 'ghost': False, 'stepped': False, 'nub': False, 'profile': '', 'sm': '', 'sb': '', 'st': ''}, {'color': '#cccccc', 'labels': ['a'], 'textColor': [], 'textSize': [], 'default': {'textColor': '#000000', 'textSize': 3}, 'x': 1.5, 'y': 2, 'width': 1, 'height': 1, 'x2': 0, 'y2': 0, 'width2': 1, 'height2': 1, 'rotation_x': 0, 'rotation_y': 0, 'rotation_angle': 0, 'decal': False, 'ghost': False, 'stepped': False, 'nub': False, 'profile': '', 'sm': '', 'sb': '', 'st': ''}, {'color': '#cccccc', 'labels': ['s'], 'textColor': [], 'textSize': [], 'default': {'textColor': '#000000', 'textSize': 3}, 'x': 2.5, 'y': 2, 'width': 1, 'height': 1, 'x2': 0, 'y2': 0, 'width2': 1, 'height2': 1, 'rotation_x': 0, 'rotation_y': 0, 'rotation_angle': 0, 'decal': False, 'ghost': False, 'stepped': False, 'nub': False, 'profile': '', 'sm': '', 'sb': '', 'st': ''}, {'color': '#cccccc', 'labels': ['d'], 'textColor': [], 'textSize': [], 'default': {'textColor': '#000000', 'textSize': 3}, 'x': 3.5, 'y': 2, 'width': 1, 'height': 1, 'x2': 0, 'y2': 0, 'width2': 1, 'height2': 1, 'rotation_x': 0, 'rotation_y': 0, 'rotation_angle': 0, 'decal': False, 'ghost': False, 'stepped': False, 'nub': False, 'profile': '', 'sm': '', 'sb': '', 'st': ''}, {'color': '#cccccc', 'labels': ['f'], 'textColor': [], 'textSize': [], 'default': {'textColor': '#000000', 'textSize': 3}, 'x': 4.5, 'y': 2, 'width': 1, 'height': 1, 'x2': 0, 'y2': 0, 'width2': 1, 'height2': 1, 'rotation_x': 0, 'rotation_y': 0, 'rotation_angle': 0, 'decal': False, 'ghost': False, 'stepped': False, 'nub': False, 'profile': '', 'sm': '', 'sb': '', 'st': ''}, {'color': '#cccccc', 'labels': ['g'], 'textColor': [], 'textSize': [], 'default': {'textColor': '#000000', 'textSize': 3}, 'x': 5.5, 'y': 2, 'width': 1, 'height': 1, 'x2': 0, 'y2': 0, 'width2': 1, 'height2': 1, 'rotation_x': 0, 'rotation_y': 0, 'rotation_angle': 0, 'decal': False, 'ghost': False, 'stepped': False, 'nub': False, 'profile': '', 'sm': '', 'sb': '', 'st': ''}, {'color': '#cccccc', 'labels': ['shift'], 'textColor': [], 'textSize': [], 'default': {'textColor': '#000000', 'textSize': 3}, 'x': 0, 'y': 3, 'width': 1.75, 'height': 1, 'x2': 0, 'y2': 0, 'width2': 1.75, 'height2': 1, 'rotation_x': 0, 'rotation_y': 0, 'rotation_angle': 0, 'decal': False, 'ghost': False, 'stepped': False, 'nub': False, 'profile': '', 'sm': '', 'sb': '', 'st': ''}, {'color': '#cccccc', 'labels': ['z'], 'textColor': [], 'textSize': [], 'default': {'textColor': '#000000', 'textSize': 3}, 'x': 1.75, 'y': 3, 'width': 1, 'height': 1, 'x2': 0, 'y2': 0, 'width2': 1, 'height2': 1, 'rotation_x': 0, 'rotation_y': 0, 'rotation_angle': 0, 'decal': False, 'ghost': False, 'stepped': False, 'nub': False, 'profile': '', 'sm': '', 'sb': '', 'st': ''}, {'color': '#cccccc', 'labels': ['x'], 'textColor': [], 'textSize': [], 'default': {'textColor': '#000000', 'textSize': 3}, 'x': 2.75, 'y': 3, 'width': 1, 'height': 1, 'x2': 0, 'y2': 0, 'width2': 1, 'height2': 1, 'rotation_x': 0, 'rotation_y': 0, 'rotation_angle': 0, 'decal': False, 'ghost': False, 'stepped': False, 'nub': False, 'profile': '', 'sm': '', 'sb': '', 'st': ''}, {'color': '#cccccc', 'labels': ['c'], 'textColor': [], 'textSize': [], 'default': {'textColor': '#000000', 'textSize': 3}, 'x': 3.75, 'y': 3, 'width': 1, 'height': 1, 'x2': 0, 'y2': 0, 'width2': 1, 'height2': 1, 'rotation_x': 0, 'rotation_y': 0, 'rotation_angle': 0, 'decal': False, 'ghost': False, 'stepped': False, 'nub': False, 'profile': '', 'sm': '', 'sb': '', 'st': ''}, {'color': '#cccccc', 'labels': ['v'], 'textColor': [], 'textSize': [], 'default': {'textColor': '#000000', 'textSize': 3}, 'x': 4.75, 'y': 3, 'width': 1, 'height': 1, 'x2': 0, 'y2': 0, 'width2': 1, 'height2': 1, 'rotation_x': 0, 'rotation_y': 0, 'rotation_angle': 0, 'decal': False, 'ghost': False, 'stepped': False, 'nub': False, 'profile': '', 'sm': '', 'sb': '', 'st': ''}, {'color': '#cccccc', 'labels': ['b'], 'textColor': [], 'textSize': [], 'default': {'textColor': '#000000', 'textSize': 3}, 'x': 5.75, 'y': 3, 'width': 1, 'height': 1, 'x2': 0, 'y2': 0, 'width2': 1, 'height2': 1, 'rotation_x': 0, 'rotation_y': 0, 'rotation_angle': 0, 'decal': False, 'ghost': False, 'stepped': False, 'nub': False, 'profile': '', 'sm': '', 'sb': '', 'st': ''}, {'color': '#cccccc', 'labels': ['fn'], 'textColor': [], 'textSize': [], 'default': {'textColor': '#000000', 'textSize': 3}, 'x': 0.5, 'y': 4, 'width': 1.5, 'height': 1, 'x2': 0, 'y2': 0, 'width2': 1.5, 'height2': 1, 'rotation_x': 0, 'rotation_y': 0, 'rotation_angle': 0, 'decal': False, 'ghost': False, 'stepped': False, 'nub': False, 'profile': '', 'sm': '', 'sb': '', 'st': ''}, {'color': '#cccccc', 'labels': ['fn'], 'textColor': [], 'textSize': [], 'default': {'textColor': '#000000', 'textSize': 3}, 'x': 2, 'y': 4, 'width': 1, 'height': 1, 'x2': 0, 'y2': 0, 'width2': 1, 'height2': 1, 'rotation_x': 0, 'rotation_y': 0, 'rotation_angle': 0, 'decal': False, 'ghost': False, 'stepped': False, 'nub': False, 'profile': '', 'sm': '', 'sb': '', 'st': ''}, {'color': '#cccccc', 'labels': ['win'], 'textColor': [], 'textSize': [], 'default': {'textColor': '#000000', 'textSize': 3}, 'x': 3, 'y': 4, 'width': 1, 'height': 1, 'x2': 0, 'y2': 0, 'width2': 1, 'height2': 1, 'rotation_x': 0, 'rotation_y': 0, 'rotation_angle': 0, 'decal': False, 'ghost': False, 'stepped': False, 'nub': False, 'profile': '', 'sm': '', 'sb': '', 'st': ''}, {'color': '#cccccc', 'labels': ['alt'], 'textColor': [], 'textSize': [], 'default': {'textColor': '#000000', 'textSize': 3}, 'x': 4, 'y': 4, 'width': 1, 'height': 1, 'x2': 0, 'y2': 0, 'width2': 1, 'height2': 1, 'rotation_x': 0, 'rotation_y': 0, 'rotation_angle': 0, 'decal': False, 'ghost': False, 'stepped': False, 'nub': False, 'profile': '', 'sm': '', 'sb': '', 'st': ''}, {'color': '#cccccc', 'labels': ['space'], 'textColor': [], 'textSize': [], 'default': {'textColor': '#000000', 'textSize': 3}, 'x': 5, 'y': 4, 'width': 1.5, 'height': 1, 'x2': 0, 'y2': 0, 'width2': 1.5, 'height2': 1, 'rotation_x': 0, 'rotation_y': 0, 'rotation_angle': 0, 'decal': False, 'ghost': False, 'stepped': False, 'nub': False, 'profile': '', 'sm': '', 'sb': '', 'st': ''}]}
[board_modifier.py:64]: Searching for SW1 footprint in C:/Users/devcat/Nextcloud/work/dev/KiCAD/20240218_KeyBoard/20240218_keyboard.kicad_pcb
[board_modifier.py:84]: Setting SW1 footprint position: (34525000, 34525000)
[board_modifier.py:64]: Searching for SW2 footprint in C:/Users/devcat/Nextcloud/work/dev/KiCAD/20240218_KeyBoard/20240218_keyboard.kicad_pcb
[board_modifier.py:84]: Setting SW2 footprint position: (53575000, 34525000)
[board_modifier.py:64]: Searching for SW3 footprint in C:/Users/devcat/Nextcloud/work/dev/KiCAD/20240218_KeyBoard/20240218_keyboard.kicad_pcb
[board_modifier.py:84]: Setting SW3 footprint position: (72625000, 34525000)
[board_modifier.py:64]: Searching for SW4 footprint in C:/Users/devcat/Nextcloud/work/dev/KiCAD/20240218_KeyBoard/20240218_keyboard.kicad_pcb
[board_modifier.py:84]: Setting SW4 footprint position: (91675000, 34525000)
[board_modifier.py:64]: Searching for SW5 footprint in C:/Users/devcat/Nextcloud/work/dev/KiCAD/20240218_KeyBoard/20240218_keyboard.kicad_pcb
[board_modifier.py:84]: Setting SW5 footprint position: (110725000, 34525000)
[board_modifier.py:64]: Searching for SW6 footprint in C:/Users/devcat/Nextcloud/work/dev/KiCAD/20240218_KeyBoard/20240218_keyboard.kicad_pcb
[board_modifier.py:84]: Setting SW6 footprint position: (129775000, 34525000)
[board_modifier.py:64]: Searching for SW7 footprint in C:/Users/devcat/Nextcloud/work/dev/KiCAD/20240218_KeyBoard/20240218_keyboard.kicad_pcb
[board_modifier.py:84]: Setting SW7 footprint position: (36906250, 53575000)
[board_modifier.py:64]: Searching for SW8 footprint in C:/Users/devcat/Nextcloud/work/dev/KiCAD/20240218_KeyBoard/20240218_keyboard.kicad_pcb
[board_modifier.py:84]: Setting SW8 footprint position: (58337500, 53575000)
[board_modifier.py:64]: Searching for SW9 footprint in C:/Users/devcat/Nextcloud/work/dev/KiCAD/20240218_KeyBoard/20240218_keyboard.kicad_pcb
[board_modifier.py:84]: Setting SW9 footprint position: (77387500, 53575000)
[board_modifier.py:64]: Searching for SW10 footprint in C:/Users/devcat/Nextcloud/work/dev/KiCAD/20240218_KeyBoard/20240218_keyboard.kicad_pcb
[board_modifier.py:84]: Setting SW10 footprint position: (96437500, 53575000)
[board_modifier.py:64]: Searching for SW11 footprint in C:/Users/devcat/Nextcloud/work/dev/KiCAD/20240218_KeyBoard/20240218_keyboard.kicad_pcb
[board_modifier.py:84]: Setting SW11 footprint position: (115487500, 53575000)
[board_modifier.py:64]: Searching for SW12 footprint in C:/Users/devcat/Nextcloud/work/dev/KiCAD/20240218_KeyBoard/20240218_keyboard.kicad_pcb
[board_modifier.py:84]: Setting SW12 footprint position: (134537500, 53575000)
[board_modifier.py:64]: Searching for SW13 footprint in C:/Users/devcat/Nextcloud/work/dev/KiCAD/20240218_KeyBoard/20240218_keyboard.kicad_pcb
[board_modifier.py:84]: Setting SW13 footprint position: (39287500, 72625000)
[board_modifier.py:64]: Searching for SW14 footprint in C:/Users/devcat/Nextcloud/work/dev/KiCAD/20240218_KeyBoard/20240218_keyboard.kicad_pcb
[board_modifier.py:84]: Setting SW14 footprint position: (63100000, 72625000)
[board_modifier.py:64]: Searching for SW15 footprint in C:/Users/devcat/Nextcloud/work/dev/KiCAD/20240218_KeyBoard/20240218_keyboard.kicad_pcb
[board_modifier.py:84]: Setting SW15 footprint position: (82150000, 72625000)
[board_modifier.py:64]: Searching for SW16 footprint in C:/Users/devcat/Nextcloud/work/dev/KiCAD/20240218_KeyBoard/20240218_keyboard.kicad_pcb
[board_modifier.py:84]: Setting SW16 footprint position: (101200000, 72625000)
[board_modifier.py:64]: Searching for SW17 footprint in C:/Users/devcat/Nextcloud/work/dev/KiCAD/20240218_KeyBoard/20240218_keyboard.kicad_pcb
[board_modifier.py:84]: Setting SW17 footprint position: (120250000, 72625000)
[board_modifier.py:64]: Searching for SW18 footprint in C:/Users/devcat/Nextcloud/work/dev/KiCAD/20240218_KeyBoard/20240218_keyboard.kicad_pcb
[board_modifier.py:84]: Setting SW18 footprint position: (139300000, 72625000)
[board_modifier.py:64]: Searching for SW19 footprint in C:/Users/devcat/Nextcloud/work/dev/KiCAD/20240218_KeyBoard/20240218_keyboard.kicad_pcb
[board_modifier.py:84]: Setting SW19 footprint position: (41668750, 91675000)
[board_modifier.py:64]: Searching for SW20 footprint in C:/Users/devcat/Nextcloud/work/dev/KiCAD/20240218_KeyBoard/20240218_keyboard.kicad_pcb
[board_modifier.py:84]: Setting SW20 footprint position: (67862500, 91675000)
[board_modifier.py:64]: Searching for SW21 footprint in C:/Users/devcat/Nextcloud/work/dev/KiCAD/20240218_KeyBoard/20240218_keyboard.kicad_pcb
[board_modifier.py:84]: Setting SW21 footprint position: (86912500, 91675000)
[board_modifier.py:64]: Searching for SW22 footprint in C:/Users/devcat/Nextcloud/work/dev/KiCAD/20240218_KeyBoard/20240218_keyboard.kicad_pcb
[board_modifier.py:84]: Setting SW22 footprint position: (105962500, 91675000)
[board_modifier.py:64]: Searching for SW23 footprint in C:/Users/devcat/Nextcloud/work/dev/KiCAD/20240218_KeyBoard/20240218_keyboard.kicad_pcb
[board_modifier.py:84]: Setting SW23 footprint position: (125012500, 91675000)
[board_modifier.py:64]: Searching for SW24 footprint in C:/Users/devcat/Nextcloud/work/dev/KiCAD/20240218_KeyBoard/20240218_keyboard.kicad_pcb
[board_modifier.py:84]: Setting SW24 footprint position: (144062500, 91675000)
[board_modifier.py:64]: Searching for SW25 footprint in C:/Users/devcat/Nextcloud/work/dev/KiCAD/20240218_KeyBoard/20240218_keyboard.kicad_pcb
[board_modifier.py:84]: Setting SW25 footprint position: (48812500, 110725000)
[board_modifier.py:64]: Searching for SW26 footprint in C:/Users/devcat/Nextcloud/work/dev/KiCAD/20240218_KeyBoard/20240218_keyboard.kicad_pcb
[board_modifier.py:84]: Setting SW26 footprint position: (72625000, 110725000)
[board_modifier.py:64]: Searching for SW27 footprint in C:/Users/devcat/Nextcloud/work/dev/KiCAD/20240218_KeyBoard/20240218_keyboard.kicad_pcb
[board_modifier.py:84]: Setting SW27 footprint position: (91675000, 110725000)
[board_modifier.py:64]: Searching for SW28 footprint in C:/Users/devcat/Nextcloud/work/dev/KiCAD/20240218_KeyBoard/20240218_keyboard.kicad_pcb
[board_modifier.py:84]: Setting SW28 footprint position: (110725000, 110725000)
[board_modifier.py:64]: Searching for SW29 footprint in C:/Users/devcat/Nextcloud/work/dev/KiCAD/20240218_KeyBoard/20240218_keyboard.kicad_pcb
[board_modifier.py:84]: Setting SW29 footprint position: (134537500, 110725000)
[board_modifier.py:97]: Getting SW1 footprint position: (34525000, 34525000)
[board_modifier.py:64]: Searching for D1 footprint in C:/Users/devcat/Nextcloud/work/dev/KiCAD/20240218_KeyBoard/20240218_keyboard.kicad_pcb
[board_modifier.py:84]: Setting D1 footprint position: (39605000, 38555000)
[board_modifier.py:64]: Searching for ST1 footprint in C:/Users/devcat/Nextcloud/work/dev/KiCAD/20240218_KeyBoard/20240218_keyboard.kicad_pcb
[board_modifier.py:67]: Footprint not found
[board_modifier.py:97]: Getting SW2 footprint position: (53575000, 34525000)
[board_modifier.py:64]: Searching for D2 footprint in C:/Users/devcat/Nextcloud/work/dev/KiCAD/20240218_KeyBoard/20240218_keyboard.kicad_pcb
[board_modifier.py:84]: Setting D2 footprint position: (58655000, 38555000)
[board_modifier.py:64]: Searching for ST2 footprint in C:/Users/devcat/Nextcloud/work/dev/KiCAD/20240218_KeyBoard/20240218_keyboard.kicad_pcb
[board_modifier.py:67]: Footprint not found
[board_modifier.py:97]: Getting SW3 footprint position: (72625000, 34525000)
[board_modifier.py:64]: Searching for D3 footprint in C:/Users/devcat/Nextcloud/work/dev/KiCAD/20240218_KeyBoard/20240218_keyboard.kicad_pcb
[board_modifier.py:84]: Setting D3 footprint position: (77705000, 38555000)
[board_modifier.py:64]: Searching for ST3 footprint in C:/Users/devcat/Nextcloud/work/dev/KiCAD/20240218_KeyBoard/20240218_keyboard.kicad_pcb
[board_modifier.py:67]: Footprint not found
[board_modifier.py:97]: Getting SW4 footprint position: (91675000, 34525000)
[board_modifier.py:64]: Searching for D4 footprint in C:/Users/devcat/Nextcloud/work/dev/KiCAD/20240218_KeyBoard/20240218_keyboard.kicad_pcb
[board_modifier.py:84]: Setting D4 footprint position: (96755000, 38555000)
[board_modifier.py:64]: Searching for ST4 footprint in C:/Users/devcat/Nextcloud/work/dev/KiCAD/20240218_KeyBoard/20240218_keyboard.kicad_pcb
[board_modifier.py:67]: Footprint not found
[board_modifier.py:97]: Getting SW5 footprint position: (110725000, 34525000)
[board_modifier.py:64]: Searching for D5 footprint in C:/Users/devcat/Nextcloud/work/dev/KiCAD/20240218_KeyBoard/20240218_keyboard.kicad_pcb
[board_modifier.py:84]: Setting D5 footprint position: (115805000, 38555000)
[board_modifier.py:64]: Searching for ST5 footprint in C:/Users/devcat/Nextcloud/work/dev/KiCAD/20240218_KeyBoard/20240218_keyboard.kicad_pcb
[board_modifier.py:67]: Footprint not found
[board_modifier.py:97]: Getting SW6 footprint position: (129775000, 34525000)
[board_modifier.py:64]: Searching for D6 footprint in C:/Users/devcat/Nextcloud/work/dev/KiCAD/20240218_KeyBoard/20240218_keyboard.kicad_pcb
[board_modifier.py:84]: Setting D6 footprint position: (134855000, 38555000)
[board_modifier.py:64]: Searching for ST6 footprint in C:/Users/devcat/Nextcloud/work/dev/KiCAD/20240218_KeyBoard/20240218_keyboard.kicad_pcb
[board_modifier.py:67]: Footprint not found
[board_modifier.py:97]: Getting SW7 footprint position: (36906250, 53575000)
[board_modifier.py:64]: Searching for D7 footprint in C:/Users/devcat/Nextcloud/work/dev/KiCAD/20240218_KeyBoard/20240218_keyboard.kicad_pcb
[board_modifier.py:84]: Setting D7 footprint position: (41986250, 57605000)
[board_modifier.py:64]: Searching for ST7 footprint in C:/Users/devcat/Nextcloud/work/dev/KiCAD/20240218_KeyBoard/20240218_keyboard.kicad_pcb
[board_modifier.py:67]: Footprint not found
[board_modifier.py:97]: Getting SW8 footprint position: (58337500, 53575000)
[board_modifier.py:64]: Searching for D8 footprint in C:/Users/devcat/Nextcloud/work/dev/KiCAD/20240218_KeyBoard/20240218_keyboard.kicad_pcb
[board_modifier.py:84]: Setting D8 footprint position: (63417500, 57605000)
[board_modifier.py:64]: Searching for ST8 footprint in C:/Users/devcat/Nextcloud/work/dev/KiCAD/20240218_KeyBoard/20240218_keyboard.kicad_pcb
[board_modifier.py:67]: Footprint not found
[board_modifier.py:97]: Getting SW9 footprint position: (77387500, 53575000)
[board_modifier.py:64]: Searching for D9 footprint in C:/Users/devcat/Nextcloud/work/dev/KiCAD/20240218_KeyBoard/20240218_keyboard.kicad_pcb
[board_modifier.py:84]: Setting D9 footprint position: (82467500, 57605000)
[board_modifier.py:64]: Searching for ST9 footprint in C:/Users/devcat/Nextcloud/work/dev/KiCAD/20240218_KeyBoard/20240218_keyboard.kicad_pcb
[board_modifier.py:67]: Footprint not found
[board_modifier.py:97]: Getting SW10 footprint position: (96437500, 53575000)
[board_modifier.py:64]: Searching for D10 footprint in C:/Users/devcat/Nextcloud/work/dev/KiCAD/20240218_KeyBoard/20240218_keyboard.kicad_pcb
[board_modifier.py:84]: Setting D10 footprint position: (101517500, 57605000)
[board_modifier.py:64]: Searching for ST10 footprint in C:/Users/devcat/Nextcloud/work/dev/KiCAD/20240218_KeyBoard/20240218_keyboard.kicad_pcb
[board_modifier.py:67]: Footprint not found
[board_modifier.py:97]: Getting SW11 footprint position: (115487500, 53575000)
[board_modifier.py:64]: Searching for D11 footprint in C:/Users/devcat/Nextcloud/work/dev/KiCAD/20240218_KeyBoard/20240218_keyboard.kicad_pcb
[board_modifier.py:84]: Setting D11 footprint position: (120567500, 57605000)
[board_modifier.py:64]: Searching for ST11 footprint in C:/Users/devcat/Nextcloud/work/dev/KiCAD/20240218_KeyBoard/20240218_keyboard.kicad_pcb
[board_modifier.py:67]: Footprint not found
[board_modifier.py:97]: Getting SW12 footprint position: (134537500, 53575000)
[board_modifier.py:64]: Searching for D12 footprint in C:/Users/devcat/Nextcloud/work/dev/KiCAD/20240218_KeyBoard/20240218_keyboard.kicad_pcb
[board_modifier.py:84]: Setting D12 footprint position: (139617500, 57605000)
[board_modifier.py:64]: Searching for ST12 footprint in C:/Users/devcat/Nextcloud/work/dev/KiCAD/20240218_KeyBoard/20240218_keyboard.kicad_pcb
[board_modifier.py:67]: Footprint not found
[board_modifier.py:97]: Getting SW13 footprint position: (39287500, 72625000)
[board_modifier.py:64]: Searching for D13 footprint in C:/Users/devcat/Nextcloud/work/dev/KiCAD/20240218_KeyBoard/20240218_keyboard.kicad_pcb
[board_modifier.py:84]: Setting D13 footprint position: (44367500, 76655000)
[board_modifier.py:64]: Searching for ST13 footprint in C:/Users/devcat/Nextcloud/work/dev/KiCAD/20240218_KeyBoard/20240218_keyboard.kicad_pcb
[board_modifier.py:67]: Footprint not found
[board_modifier.py:97]: Getting SW14 footprint position: (63100000, 72625000)
[board_modifier.py:64]: Searching for D14 footprint in C:/Users/devcat/Nextcloud/work/dev/KiCAD/20240218_KeyBoard/20240218_keyboard.kicad_pcb
[board_modifier.py:84]: Setting D14 footprint position: (68180000, 76655000)
[board_modifier.py:64]: Searching for ST14 footprint in C:/Users/devcat/Nextcloud/work/dev/KiCAD/20240218_KeyBoard/20240218_keyboard.kicad_pcb
[board_modifier.py:67]: Footprint not found
[board_modifier.py:97]: Getting SW15 footprint position: (82150000, 72625000)
[board_modifier.py:64]: Searching for D15 footprint in C:/Users/devcat/Nextcloud/work/dev/KiCAD/20240218_KeyBoard/20240218_keyboard.kicad_pcb
[board_modifier.py:84]: Setting D15 footprint position: (87230000, 76655000)
[board_modifier.py:64]: Searching for ST15 footprint in C:/Users/devcat/Nextcloud/work/dev/KiCAD/20240218_KeyBoard/20240218_keyboard.kicad_pcb
[board_modifier.py:67]: Footprint not found
[board_modifier.py:97]: Getting SW16 footprint position: (101200000, 72625000)
[board_modifier.py:64]: Searching for D16 footprint in C:/Users/devcat/Nextcloud/work/dev/KiCAD/20240218_KeyBoard/20240218_keyboard.kicad_pcb
[board_modifier.py:84]: Setting D16 footprint position: (106280000, 76655000)
[board_modifier.py:64]: Searching for ST16 footprint in C:/Users/devcat/Nextcloud/work/dev/KiCAD/20240218_KeyBoard/20240218_keyboard.kicad_pcb
[board_modifier.py:67]: Footprint not found
[board_modifier.py:97]: Getting SW17 footprint position: (120250000, 72625000)
[board_modifier.py:64]: Searching for D17 footprint in C:/Users/devcat/Nextcloud/work/dev/KiCAD/20240218_KeyBoard/20240218_keyboard.kicad_pcb
[board_modifier.py:84]: Setting D17 footprint position: (125330000, 76655000)
[board_modifier.py:64]: Searching for ST17 footprint in C:/Users/devcat/Nextcloud/work/dev/KiCAD/20240218_KeyBoard/20240218_keyboard.kicad_pcb
[board_modifier.py:67]: Footprint not found
[board_modifier.py:97]: Getting SW18 footprint position: (139300000, 72625000)
[board_modifier.py:64]: Searching for D18 footprint in C:/Users/devcat/Nextcloud/work/dev/KiCAD/20240218_KeyBoard/20240218_keyboard.kicad_pcb
[board_modifier.py:84]: Setting D18 footprint position: (144380000, 76655000)
[board_modifier.py:64]: Searching for ST18 footprint in C:/Users/devcat/Nextcloud/work/dev/KiCAD/20240218_KeyBoard/20240218_keyboard.kicad_pcb
[board_modifier.py:67]: Footprint not found
[board_modifier.py:97]: Getting SW19 footprint position: (41668750, 91675000)
[board_modifier.py:64]: Searching for D19 footprint in C:/Users/devcat/Nextcloud/work/dev/KiCAD/20240218_KeyBoard/20240218_keyboard.kicad_pcb
[board_modifier.py:84]: Setting D19 footprint position: (46748750, 95705000)
[board_modifier.py:64]: Searching for ST19 footprint in C:/Users/devcat/Nextcloud/work/dev/KiCAD/20240218_KeyBoard/20240218_keyboard.kicad_pcb
[board_modifier.py:67]: Footprint not found
[board_modifier.py:97]: Getting SW20 footprint position: (67862500, 91675000)
[board_modifier.py:64]: Searching for D20 footprint in C:/Users/devcat/Nextcloud/work/dev/KiCAD/20240218_KeyBoard/20240218_keyboard.kicad_pcb
[board_modifier.py:84]: Setting D20 footprint position: (72942500, 95705000)
[board_modifier.py:64]: Searching for ST20 footprint in C:/Users/devcat/Nextcloud/work/dev/KiCAD/20240218_KeyBoard/20240218_keyboard.kicad_pcb
[board_modifier.py:67]: Footprint not found
[board_modifier.py:97]: Getting SW21 footprint position: (86912500, 91675000)
[board_modifier.py:64]: Searching for D21 footprint in C:/Users/devcat/Nextcloud/work/dev/KiCAD/20240218_KeyBoard/20240218_keyboard.kicad_pcb
[board_modifier.py:84]: Setting D21 footprint position: (91992500, 95705000)
[board_modifier.py:64]: Searching for ST21 footprint in C:/Users/devcat/Nextcloud/work/dev/KiCAD/20240218_KeyBoard/20240218_keyboard.kicad_pcb
[board_modifier.py:67]: Footprint not found
[board_modifier.py:97]: Getting SW22 footprint position: (105962500, 91675000)
[board_modifier.py:64]: Searching for D22 footprint in C:/Users/devcat/Nextcloud/work/dev/KiCAD/20240218_KeyBoard/20240218_keyboard.kicad_pcb
[board_modifier.py:84]: Setting D22 footprint position: (111042500, 95705000)
[board_modifier.py:64]: Searching for ST22 footprint in C:/Users/devcat/Nextcloud/work/dev/KiCAD/20240218_KeyBoard/20240218_keyboard.kicad_pcb
[board_modifier.py:67]: Footprint not found
[board_modifier.py:97]: Getting SW23 footprint position: (125012500, 91675000)
[board_modifier.py:64]: Searching for D23 footprint in C:/Users/devcat/Nextcloud/work/dev/KiCAD/20240218_KeyBoard/20240218_keyboard.kicad_pcb
[board_modifier.py:84]: Setting D23 footprint position: (130092500, 95705000)
[board_modifier.py:64]: Searching for ST23 footprint in C:/Users/devcat/Nextcloud/work/dev/KiCAD/20240218_KeyBoard/20240218_keyboard.kicad_pcb
[board_modifier.py:67]: Footprint not found
[board_modifier.py:97]: Getting SW24 footprint position: (144062500, 91675000)
[board_modifier.py:64]: Searching for D24 footprint in C:/Users/devcat/Nextcloud/work/dev/KiCAD/20240218_KeyBoard/20240218_keyboard.kicad_pcb
[board_modifier.py:84]: Setting D24 footprint position: (149142500, 95705000)
[board_modifier.py:64]: Searching for ST24 footprint in C:/Users/devcat/Nextcloud/work/dev/KiCAD/20240218_KeyBoard/20240218_keyboard.kicad_pcb
[board_modifier.py:67]: Footprint not found
[board_modifier.py:97]: Getting SW25 footprint position: (48812500, 110725000)
[board_modifier.py:64]: Searching for D25 footprint in C:/Users/devcat/Nextcloud/work/dev/KiCAD/20240218_KeyBoard/20240218_keyboard.kicad_pcb
[board_modifier.py:84]: Setting D25 footprint position: (53892500, 114755000)
[board_modifier.py:64]: Searching for ST25 footprint in C:/Users/devcat/Nextcloud/work/dev/KiCAD/20240218_KeyBoard/20240218_keyboard.kicad_pcb
[board_modifier.py:67]: Footprint not found
[board_modifier.py:97]: Getting SW26 footprint position: (72625000, 110725000)
[board_modifier.py:64]: Searching for D26 footprint in C:/Users/devcat/Nextcloud/work/dev/KiCAD/20240218_KeyBoard/20240218_keyboard.kicad_pcb
[board_modifier.py:84]: Setting D26 footprint position: (77705000, 114755000)
[board_modifier.py:64]: Searching for ST26 footprint in C:/Users/devcat/Nextcloud/work/dev/KiCAD/20240218_KeyBoard/20240218_keyboard.kicad_pcb
[board_modifier.py:67]: Footprint not found
[board_modifier.py:97]: Getting SW27 footprint position: (91675000, 110725000)
[board_modifier.py:64]: Searching for D27 footprint in C:/Users/devcat/Nextcloud/work/dev/KiCAD/20240218_KeyBoard/20240218_keyboard.kicad_pcb
[board_modifier.py:84]: Setting D27 footprint position: (96755000, 114755000)
[board_modifier.py:64]: Searching for ST27 footprint in C:/Users/devcat/Nextcloud/work/dev/KiCAD/20240218_KeyBoard/20240218_keyboard.kicad_pcb
[board_modifier.py:67]: Footprint not found
[board_modifier.py:97]: Getting SW28 footprint position: (110725000, 110725000)
[board_modifier.py:64]: Searching for D28 footprint in C:/Users/devcat/Nextcloud/work/dev/KiCAD/20240218_KeyBoard/20240218_keyboard.kicad_pcb
[board_modifier.py:84]: Setting D28 footprint position: (115805000, 114755000)
[board_modifier.py:64]: Searching for ST28 footprint in C:/Users/devcat/Nextcloud/work/dev/KiCAD/20240218_KeyBoard/20240218_keyboard.kicad_pcb
[board_modifier.py:67]: Footprint not found
[board_modifier.py:97]: Getting SW29 footprint position: (134537500, 110725000)
[board_modifier.py:64]: Searching for D29 footprint in C:/Users/devcat/Nextcloud/work/dev/KiCAD/20240218_KeyBoard/20240218_keyboard.kicad_pcb
[board_modifier.py:84]: Setting D29 footprint position: (139617500, 114755000)
[board_modifier.py:64]: Searching for ST29 footprint in C:/Users/devcat/Nextcloud/work/dev/KiCAD/20240218_KeyBoard/20240218_keyboard.kicad_pcb
[board_modifier.py:67]: Footprint not found
