[kbplacer_plugin_action.py:79]: Plugin executed with KiCad version: 7.0.10
[kbplacer_plugin_action.py:80]: Plugin executed with python version: '3.9.16 (main, Oct 13 2023, 05:50:11) [MSC v.1936 64 bit (AMD64)]'
[kbplacer_dialog.py:512]: Language: en
[kbplacer_plugin_action.py:96]: GUI state: {"switch_section": {"annotation": "SW{}", "layout_path": "C:\\Users\\devcat\\Nextcloud\\work\\dev\\KiCAD\\20240224_KeyBoard_R\\json\\keyboard-layout-internal-R.json", "x_distance": "19.05", "y_distance": "19.05"}, "switch_diodes_section": {"enable": true, "route_switches_with_diodes": false, "element_info": {"annotation_format": "D{}", "position_option": "Custom", "position": {"relative_position": [5.08, 4.03], "orientation": 90.0, "side": "BACK"}, "template_path": ""}}, "additional_elements": {"elements_info": [{"annotation_format": "ST{}", "position_option": "Custom", "position": {"relative_position": [0.0, 0.0], "orientation": 0.0, "side": "BACK"}, "template_path": ""}]}, "misc_section": {"route_rows_and_columns": false, "template_path": ""}}
[key_placer.py:66]: Set key 1U distance: 19050000/19050000
[key_placer.py:451]: Diode info: ElementInfo(annotation_format='D{}', position_option=<PositionOption.CUSTOM: 'Custom'>, position=ElementPosition(relative_position=Point(x=5.08, y=4.03), orientation=90.0, side=<Side.BACK: True>), template_path='')
[key_placer.py:493]: User layout: {'meta': {'author': '', 'backcolor': '#eeeeee', 'background': None, 'name': '', 'notes': '', 'radii': '', 'switchBrand': '', 'switchMount': '', 'switchType': ''}, 'keys': [{'color': '#cccccc', 'labels': ['6'], 'textColor': [], 'textSize': [], 'default': {'textColor': '#000000', 'textSize': 3}, 'x': 0, 'y': 0, 'width': 1, 'height': 1, 'x2': 0, 'y2': 0, 'width2': 1, 'height2': 1, 'rotation_x': 0, 'rotation_y': 0, 'rotation_angle': 0, 'decal': False, 'ghost': False, 'stepped': False, 'nub': False, 'profile': '', 'sm': '', 'sb': '', 'st': ''}, {'color': '#cccccc', 'labels': ['7'], 'textColor': [], 'textSize': [], 'default': {'textColor': '#000000', 'textSize': 3}, 'x': 1, 'y': 0, 'width': 1, 'height': 1, 'x2': 0, 'y2': 0, 'width2': 1, 'height2': 1, 'rotation_x': 0, 'rotation_y': 0, 'rotation_angle': 0, 'decal': False, 'ghost': False, 'stepped': False, 'nub': False, 'profile': '', 'sm': '', 'sb': '', 'st': ''}, {'color': '#cccccc', 'labels': ['8'], 'textColor': [], 'textSize': [], 'default': {'textColor': '#000000', 'textSize': 3}, 'x': 2, 'y': 0, 'width': 1, 'height': 1, 'x2': 0, 'y2': 0, 'width2': 1, 'height2': 1, 'rotation_x': 0, 'rotation_y': 0, 'rotation_angle': 0, 'decal': False, 'ghost': False, 'stepped': False, 'nub': False, 'profile': '', 'sm': '', 'sb': '', 'st': ''}, {'color': '#cccccc', 'labels': ['9'], 'textColor': [], 'textSize': [], 'default': {'textColor': '#000000', 'textSize': 3}, 'x': 3, 'y': 0, 'width': 1, 'height': 1, 'x2': 0, 'y2': 0, 'width2': 1, 'height2': 1, 'rotation_x': 0, 'rotation_y': 0, 'rotation_angle': 0, 'decal': False, 'ghost': False, 'stepped': False, 'nub': False, 'profile': '', 'sm': '', 'sb': '', 'st': ''}, {'color': '#cccccc', 'labels': ['0'], 'textColor': [], 'textSize': [], 'default': {'textColor': '#000000', 'textSize': 3}, 'x': 4, 'y': 0, 'width': 1, 'height': 1, 'x2': 0, 'y2': 0, 'width2': 1, 'height2': 1, 'rotation_x': 0, 'rotation_y': 0, 'rotation_angle': 0, 'decal': False, 'ghost': False, 'stepped': False, 'nub': False, 'profile': '', 'sm': '', 'sb': '', 'st': ''}, {'color': '#cccccc', 'labels': ['-'], 'textColor': [], 'textSize': [], 'default': {'textColor': '#000000', 'textSize': 3}, 'x': 5, 'y': 0, 'width': 1, 'height': 1, 'x2': 0, 'y2': 0, 'width2': 1, 'height2': 1, 'rotation_x': 0, 'rotation_y': 0, 'rotation_angle': 0, 'decal': False, 'ghost': False, 'stepped': False, 'nub': False, 'profile': '', 'sm': '', 'sb': '', 'st': ''}, {'color': '#cccccc', 'labels': ['^'], 'textColor': [], 'textSize': [], 'default': {'textColor': '#000000', 'textSize': 3}, 'x': 6, 'y': 0, 'width': 1, 'height': 1, 'x2': 0, 'y2': 0, 'width2': 1, 'height2': 1, 'rotation_x': 0, 'rotation_y': 0, 'rotation_angle': 0, 'decal': False, 'ghost': False, 'stepped': False, 'nub': False, 'profile': '', 'sm': '', 'sb': '', 'st': ''}, {'color': '#cccccc', 'labels': ['\\'], 'textColor': [], 'textSize': [], 'default': {'textColor': '#000000', 'textSize': 3}, 'x': 7, 'y': 0, 'width': 1, 'height': 1, 'x2': 0, 'y2': 0, 'width2': 1, 'height2': 1, 'rotation_x': 0, 'rotation_y': 0, 'rotation_angle': 0, 'decal': False, 'ghost': False, 'stepped': False, 'nub': False, 'profile': '', 'sm': '', 'sb': '', 'st': ''}, {'color': '#cccccc', 'labels': ['bs'], 'textColor': [], 'textSize': [], 'default': {'textColor': '#000000', 'textSize': 3}, 'x': 8, 'y': 0, 'width': 1, 'height': 1, 'x2': 0, 'y2': 0, 'width2': 1, 'height2': 1, 'rotation_x': 0, 'rotation_y': 0, 'rotation_angle': 0, 'decal': False, 'ghost': False, 'stepped': False, 'nub': False, 'profile': '', 'sm': '', 'sb': '', 'st': ''}, {'color': '#cccccc', 'labels': ['y'], 'textColor': [], 'textSize': [], 'default': {'textColor': '#000000', 'textSize': 3}, 'x': 0.25, 'y': 1, 'width': 1, 'height': 1, 'x2': 0, 'y2': 0, 'width2': 1, 'height2': 1, 'rotation_x': 0, 'rotation_y': 0, 'rotation_angle': 0, 'decal': False, 'ghost': False, 'stepped': False, 'nub': False, 'profile': '', 'sm': '', 'sb': '', 'st': ''}, {'color': '#cccccc', 'labels': ['u'], 'textColor': [], 'textSize': [], 'default': {'textColor': '#000000', 'textSize': 3}, 'x': 1.25, 'y': 1, 'width': 1, 'height': 1, 'x2': 0, 'y2': 0, 'width2': 1, 'height2': 1, 'rotation_x': 0, 'rotation_y': 0, 'rotation_angle': 0, 'decal': False, 'ghost': False, 'stepped': False, 'nub': False, 'profile': '', 'sm': '', 'sb': '', 'st': ''}, {'color': '#cccccc', 'labels': ['i'], 'textColor': [], 'textSize': [], 'default': {'textColor': '#000000', 'textSize': 3}, 'x': 2.25, 'y': 1, 'width': 1, 'height': 1, 'x2': 0, 'y2': 0, 'width2': 1, 'height2': 1, 'rotation_x': 0, 'rotation_y': 0, 'rotation_angle': 0, 'decal': False, 'ghost': False, 'stepped': False, 'nub': False, 'profile': '', 'sm': '', 'sb': '', 'st': ''}, {'color': '#cccccc', 'labels': ['o'], 'textColor': [], 'textSize': [], 'default': {'textColor': '#000000', 'textSize': 3}, 'x': 3.25, 'y': 1, 'width': 1, 'height': 1, 'x2': 0, 'y2': 0, 'width2': 1, 'height2': 1, 'rotation_x': 0, 'rotation_y': 0, 'rotation_angle': 0, 'decal': False, 'ghost': False, 'stepped': False, 'nub': False, 'profile': '', 'sm': '', 'sb': '', 'st': ''}, {'color': '#cccccc', 'labels': ['p'], 'textColor': [], 'textSize': [], 'default': {'textColor': '#000000', 'textSize': 3}, 'x': 4.25, 'y': 1, 'width': 1, 'height': 1, 'x2': 0, 'y2': 0, 'width2': 1, 'height2': 1, 'rotation_x': 0, 'rotation_y': 0, 'rotation_angle': 0, 'decal': False, 'ghost': False, 'stepped': False, 'nub': False, 'profile': '', 'sm': '', 'sb': '', 'st': ''}, {'color': '#cccccc', 'labels': ['@'], 'textColor': [], 'textSize': [], 'default': {'textColor': '#000000', 'textSize': 3}, 'x': 5.25, 'y': 1, 'width': 1, 'height': 1, 'x2': 0, 'y2': 0, 'width2': 1, 'height2': 1, 'rotation_x': 0, 'rotation_y': 0, 'rotation_angle': 0, 'decal': False, 'ghost': False, 'stepped': False, 'nub': False, 'profile': '', 'sm': '', 'sb': '', 'st': ''}, {'color': '#cccccc', 'labels': ['['], 'textColor': [], 'textSize': [], 'default': {'textColor': '#000000', 'textSize': 3}, 'x': 6.25, 'y': 1, 'width': 1, 'height': 1, 'x2': 0, 'y2': 0, 'width2': 1, 'height2': 1, 'rotation_x': 0, 'rotation_y': 0, 'rotation_angle': 0, 'decal': False, 'ghost': False, 'stepped': False, 'nub': False, 'profile': '', 'sm': '', 'sb': '', 'st': ''}, {'color': '#cccccc', 'labels': ['enter'], 'textColor': [], 'textSize': [], 'default': {'textColor': '#000000', 'textSize': 3}, 'x': 7.75, 'y': 1, 'width': 1.25, 'height': 2, 'x2': -0.25, 'y2': 0, 'width2': 1.5, 'height2': 1, 'rotation_x': 0, 'rotation_y': 0, 'rotation_angle': 0, 'decal': False, 'ghost': False, 'stepped': False, 'nub': False, 'profile': '', 'sm': '', 'sb': '', 'st': ''}, {'color': '#cccccc', 'labels': ['h'], 'textColor': [], 'textSize': [], 'default': {'textColor': '#000000', 'textSize': 3}, 'x': 0.5, 'y': 2, 'width': 1, 'height': 1, 'x2': 0, 'y2': 0, 'width2': 1, 'height2': 1, 'rotation_x': 0, 'rotation_y': 0, 'rotation_angle': 0, 'decal': False, 'ghost': False, 'stepped': False, 'nub': False, 'profile': '', 'sm': '', 'sb': '', 'st': ''}, {'color': '#cccccc', 'labels': ['j'], 'textColor': [], 'textSize': [], 'default': {'textColor': '#000000', 'textSize': 3}, 'x': 1.5, 'y': 2, 'width': 1, 'height': 1, 'x2': 0, 'y2': 0, 'width2': 1, 'height2': 1, 'rotation_x': 0, 'rotation_y': 0, 'rotation_angle': 0, 'decal': False, 'ghost': False, 'stepped': False, 'nub': False, 'profile': '', 'sm': '', 'sb': '', 'st': ''}, {'color': '#cccccc', 'labels': ['k'], 'textColor': [], 'textSize': [], 'default': {'textColor': '#000000', 'textSize': 3}, 'x': 2.5, 'y': 2, 'width': 1, 'height': 1, 'x2': 0, 'y2': 0, 'width2': 1, 'height2': 1, 'rotation_x': 0, 'rotation_y': 0, 'rotation_angle': 0, 'decal': False, 'ghost': False, 'stepped': False, 'nub': False, 'profile': '', 'sm': '', 'sb': '', 'st': ''}, {'color': '#cccccc', 'labels': ['l'], 'textColor': [], 'textSize': [], 'default': {'textColor': '#000000', 'textSize': 3}, 'x': 3.5, 'y': 2, 'width': 1, 'height': 1, 'x2': 0, 'y2': 0, 'width2': 1, 'height2': 1, 'rotation_x': 0, 'rotation_y': 0, 'rotation_angle': 0, 'decal': False, 'ghost': False, 'stepped': False, 'nub': False, 'profile': '', 'sm': '', 'sb': '', 'st': ''}, {'color': '#cccccc', 'labels': [';'], 'textColor': [], 'textSize': [], 'default': {'textColor': '#000000', 'textSize': 3}, 'x': 4.5, 'y': 2, 'width': 1, 'height': 1, 'x2': 0, 'y2': 0, 'width2': 1, 'height2': 1, 'rotation_x': 0, 'rotation_y': 0, 'rotation_angle': 0, 'decal': False, 'ghost': False, 'stepped': False, 'nub': False, 'profile': '', 'sm': '', 'sb': '', 'st': ''}, {'color': '#cccccc', 'labels': [':'], 'textColor': [], 'textSize': [], 'default': {'textColor': '#000000', 'textSize': 3}, 'x': 5.5, 'y': 2, 'width': 1, 'height': 1, 'x2': 0, 'y2': 0, 'width2': 1, 'height2': 1, 'rotation_x': 0, 'rotation_y': 0, 'rotation_angle': 0, 'decal': False, 'ghost': False, 'stepped': False, 'nub': False, 'profile': '', 'sm': '', 'sb': '', 'st': ''}, {'color': '#cccccc', 'labels': [']'], 'textColor': [], 'textSize': [], 'default': {'textColor': '#000000', 'textSize': 3}, 'x': 6.5, 'y': 2, 'width': 1, 'height': 1, 'x2': 0, 'y2': 0, 'width2': 1, 'height2': 1, 'rotation_x': 0, 'rotation_y': 0, 'rotation_angle': 0, 'decal': False, 'ghost': False, 'stepped': False, 'nub': False, 'profile': '', 'sm': '', 'sb': '', 'st': ''}, {'color': '#cccccc', 'labels': ['n'], 'textColor': [], 'textSize': [], 'default': {'textColor': '#000000', 'textSize': 3}, 'x': 0.75, 'y': 3, 'width': 1, 'height': 1, 'x2': 0, 'y2': 0, 'width2': 1, 'height2': 1, 'rotation_x': 0, 'rotation_y': 0, 'rotation_angle': 0, 'decal': False, 'ghost': False, 'stepped': False, 'nub': False, 'profile': '', 'sm': '', 'sb': '', 'st': ''}, {'color': '#cccccc', 'labels': ['m'], 'textColor': [], 'textSize': [], 'default': {'textColor': '#000000', 'textSize': 3}, 'x': 1.75, 'y': 3, 'width': 1, 'height': 1, 'x2': 0, 'y2': 0, 'width2': 1, 'height2': 1, 'rotation_x': 0, 'rotation_y': 0, 'rotation_angle': 0, 'decal': False, 'ghost': False, 'stepped': False, 'nub': False, 'profile': '', 'sm': '', 'sb': '', 'st': ''}, {'color': '#cccccc', 'labels': [','], 'textColor': [], 'textSize': [], 'default': {'textColor': '#000000', 'textSize': 3}, 'x': 2.75, 'y': 3, 'width': 1, 'height': 1, 'x2': 0, 'y2': 0, 'width2': 1, 'height2': 1, 'rotation_x': 0, 'rotation_y': 0, 'rotation_angle': 0, 'decal': False, 'ghost': False, 'stepped': False, 'nub': False, 'profile': '', 'sm': '', 'sb': '', 'st': ''}, {'color': '#cccccc', 'labels': ['.'], 'textColor': [], 'textSize': [], 'default': {'textColor': '#000000', 'textSize': 3}, 'x': 3.75, 'y': 3, 'width': 1, 'height': 1, 'x2': 0, 'y2': 0, 'width2': 1, 'height2': 1, 'rotation_x': 0, 'rotation_y': 0, 'rotation_angle': 0, 'decal': False, 'ghost': False, 'stepped': False, 'nub': False, 'profile': '', 'sm': '', 'sb': '', 'st': ''}, {'color': '#cccccc', 'labels': ['/'], 'textColor': [], 'textSize': [], 'default': {'textColor': '#000000', 'textSize': 3}, 'x': 4.75, 'y': 3, 'width': 1, 'height': 1, 'x2': 0, 'y2': 0, 'width2': 1, 'height2': 1, 'rotation_x': 0, 'rotation_y': 0, 'rotation_angle': 0, 'decal': False, 'ghost': False, 'stepped': False, 'nub': False, 'profile': '', 'sm': '', 'sb': '', 'st': ''}, {'color': '#cccccc', 'labels': ['\\'], 'textColor': [], 'textSize': [], 'default': {'textColor': '#000000', 'textSize': 3}, 'x': 5.75, 'y': 3, 'width': 1, 'height': 1, 'x2': 0, 'y2': 0, 'width2': 1, 'height2': 1, 'rotation_x': 0, 'rotation_y': 0, 'rotation_angle': 0, 'decal': False, 'ghost': False, 'stepped': False, 'nub': False, 'profile': '', 'sm': '', 'sb': '', 'st': ''}, {'color': '#cccccc', 'labels': [], 'textColor': [], 'textSize': [], 'default': {'textColor': '#000000', 'textSize': 3}, 'x': 7, 'y': 3, 'width': 1, 'height': 1, 'x2': 0, 'y2': 0, 'width2': 1, 'height2': 1, 'rotation_x': 0, 'rotation_y': 0, 'rotation_angle': 0, 'decal': False, 'ghost': False, 'stepped': False, 'nub': False, 'profile': '', 'sm': '', 'sb': '', 'st': ''}, {'color': '#cccccc', 'labels': ['shift'], 'textColor': [], 'textSize': [], 'default': {'textColor': '#000000', 'textSize': 3}, 'x': 8, 'y': 3, 'width': 1, 'height': 1, 'x2': 0, 'y2': 0, 'width2': 1, 'height2': 1, 'rotation_x': 0, 'rotation_y': 0, 'rotation_angle': 0, 'decal': False, 'ghost': False, 'stepped': False, 'nub': False, 'profile': '', 'sm': '', 'sb': '', 'st': ''}, {'color': '#cccccc', 'labels': ['Fn'], 'textColor': [], 'textSize': [], 'default': {'textColor': '#000000', 'textSize': 3}, 'x': 0.5, 'y': 4, 'width': 1.5, 'height': 1, 'x2': 0, 'y2': 0, 'width2': 1.5, 'height2': 1, 'rotation_x': 0, 'rotation_y': 0, 'rotation_angle': 0, 'decal': False, 'ghost': False, 'stepped': False, 'nub': False, 'profile': '', 'sm': '', 'sb': '', 'st': ''}, {'color': '#cccccc', 'labels': ['left'], 'textColor': [], 'textSize': [], 'default': {'textColor': '#000000', 'textSize': 3}, 'x': 2, 'y': 4, 'width': 1, 'height': 1, 'x2': 0, 'y2': 0, 'width2': 1, 'height2': 1, 'rotation_x': 0, 'rotation_y': 0, 'rotation_angle': 0, 'decal': False, 'ghost': False, 'stepped': False, 'nub': False, 'profile': '', 'sm': '', 'sb': '', 'st': ''}, {'color': '#cccccc', 'labels': ['ligth'], 'textColor': [], 'textSize': [], 'default': {'textColor': '#000000', 'textSize': 3}, 'x': 3, 'y': 4, 'width': 1, 'height': 1, 'x2': 0, 'y2': 0, 'width2': 1, 'height2': 1, 'rotation_x': 0, 'rotation_y': 0, 'rotation_angle': 0, 'decal': False, 'ghost': False, 'stepped': False, 'nub': False, 'profile': '', 'sm': '', 'sb': '', 'st': ''}, {'color': '#cccccc', 'labels': [], 'textColor': [], 'textSize': [], 'default': {'textColor': '#000000', 'textSize': 3}, 'x': 4, 'y': 4, 'width': 1, 'height': 1, 'x2': 0, 'y2': 0, 'width2': 1, 'height2': 1, 'rotation_x': 0, 'rotation_y': 0, 'rotation_angle': 0, 'decal': False, 'ghost': False, 'stepped': False, 'nub': False, 'profile': '', 'sm': '', 'sb': '', 'st': ''}, {'color': '#cccccc', 'labels': [], 'textColor': [], 'textSize': [], 'default': {'textColor': '#000000', 'textSize': 3}, 'x': 5, 'y': 4, 'width': 1, 'height': 1, 'x2': 0, 'y2': 0, 'width2': 1, 'height2': 1, 'rotation_x': 0, 'rotation_y': 0, 'rotation_angle': 0, 'decal': False, 'ghost': False, 'stepped': False, 'nub': False, 'profile': '', 'sm': '', 'sb': '', 'st': ''}, {'color': '#cccccc', 'labels': [], 'textColor': [], 'textSize': [], 'default': {'textColor': '#000000', 'textSize': 3}, 'x': 6, 'y': 4, 'width': 1, 'height': 1, 'x2': 0, 'y2': 0, 'width2': 1, 'height2': 1, 'rotation_x': 0, 'rotation_y': 0, 'rotation_angle': 0, 'decal': False, 'ghost': False, 'stepped': False, 'nub': False, 'profile': '', 'sm': '', 'sb': '', 'st': ''}, {'color': '#cccccc', 'labels': [], 'textColor': [], 'textSize': [], 'default': {'textColor': '#000000', 'textSize': 3}, 'x': 7, 'y': 4, 'width': 1, 'height': 1, 'x2': 0, 'y2': 0, 'width2': 1, 'height2': 1, 'rotation_x': 0, 'rotation_y': 0, 'rotation_angle': 0, 'decal': False, 'ghost': False, 'stepped': False, 'nub': False, 'profile': '', 'sm': '', 'sb': '', 'st': ''}, {'color': '#cccccc', 'labels': [], 'textColor': [], 'textSize': [], 'default': {'textColor': '#000000', 'textSize': 3}, 'x': 8, 'y': 4, 'width': 1, 'height': 1, 'x2': 0, 'y2': 0, 'width2': 1, 'height2': 1, 'rotation_x': 0, 'rotation_y': 0, 'rotation_angle': 0, 'decal': False, 'ghost': False, 'stepped': False, 'nub': False, 'profile': '', 'sm': '', 'sb': '', 'st': ''}]}
[board_modifier.py:64]: Searching for SW1 footprint in C:/Users/devcat/Nextcloud/work/dev/KiCAD/20240224_KeyBoard_R/20240224_KeyBoard_R.kicad_pcb
[board_modifier.py:84]: Setting SW1 footprint position: (34525000, 34525000)
[board_modifier.py:64]: Searching for SW2 footprint in C:/Users/devcat/Nextcloud/work/dev/KiCAD/20240224_KeyBoard_R/20240224_KeyBoard_R.kicad_pcb
[board_modifier.py:84]: Setting SW2 footprint position: (53575000, 34525000)
[board_modifier.py:64]: Searching for SW3 footprint in C:/Users/devcat/Nextcloud/work/dev/KiCAD/20240224_KeyBoard_R/20240224_KeyBoard_R.kicad_pcb
[board_modifier.py:84]: Setting SW3 footprint position: (72625000, 34525000)
[board_modifier.py:64]: Searching for SW4 footprint in C:/Users/devcat/Nextcloud/work/dev/KiCAD/20240224_KeyBoard_R/20240224_KeyBoard_R.kicad_pcb
[board_modifier.py:84]: Setting SW4 footprint position: (91675000, 34525000)
[board_modifier.py:64]: Searching for SW5 footprint in C:/Users/devcat/Nextcloud/work/dev/KiCAD/20240224_KeyBoard_R/20240224_KeyBoard_R.kicad_pcb
[board_modifier.py:84]: Setting SW5 footprint position: (110725000, 34525000)
[board_modifier.py:64]: Searching for SW6 footprint in C:/Users/devcat/Nextcloud/work/dev/KiCAD/20240224_KeyBoard_R/20240224_KeyBoard_R.kicad_pcb
[board_modifier.py:84]: Setting SW6 footprint position: (129775000, 34525000)
[board_modifier.py:64]: Searching for SW7 footprint in C:/Users/devcat/Nextcloud/work/dev/KiCAD/20240224_KeyBoard_R/20240224_KeyBoard_R.kicad_pcb
[board_modifier.py:84]: Setting SW7 footprint position: (148825000, 34525000)
[board_modifier.py:64]: Searching for SW8 footprint in C:/Users/devcat/Nextcloud/work/dev/KiCAD/20240224_KeyBoard_R/20240224_KeyBoard_R.kicad_pcb
[board_modifier.py:84]: Setting SW8 footprint position: (167875000, 34525000)
[board_modifier.py:64]: Searching for SW9 footprint in C:/Users/devcat/Nextcloud/work/dev/KiCAD/20240224_KeyBoard_R/20240224_KeyBoard_R.kicad_pcb
[board_modifier.py:84]: Setting SW9 footprint position: (186925000, 34525000)
[board_modifier.py:64]: Searching for SW10 footprint in C:/Users/devcat/Nextcloud/work/dev/KiCAD/20240224_KeyBoard_R/20240224_KeyBoard_R.kicad_pcb
[board_modifier.py:84]: Setting SW10 footprint position: (39287500, 53575000)
[board_modifier.py:64]: Searching for SW11 footprint in C:/Users/devcat/Nextcloud/work/dev/KiCAD/20240224_KeyBoard_R/20240224_KeyBoard_R.kicad_pcb
[board_modifier.py:84]: Setting SW11 footprint position: (58337500, 53575000)
[board_modifier.py:64]: Searching for SW12 footprint in C:/Users/devcat/Nextcloud/work/dev/KiCAD/20240224_KeyBoard_R/20240224_KeyBoard_R.kicad_pcb
[board_modifier.py:84]: Setting SW12 footprint position: (77387500, 53575000)
[board_modifier.py:64]: Searching for SW13 footprint in C:/Users/devcat/Nextcloud/work/dev/KiCAD/20240224_KeyBoard_R/20240224_KeyBoard_R.kicad_pcb
[board_modifier.py:84]: Setting SW13 footprint position: (96437500, 53575000)
[board_modifier.py:64]: Searching for SW14 footprint in C:/Users/devcat/Nextcloud/work/dev/KiCAD/20240224_KeyBoard_R/20240224_KeyBoard_R.kicad_pcb
[board_modifier.py:84]: Setting SW14 footprint position: (115487500, 53575000)
[board_modifier.py:64]: Searching for SW15 footprint in C:/Users/devcat/Nextcloud/work/dev/KiCAD/20240224_KeyBoard_R/20240224_KeyBoard_R.kicad_pcb
[board_modifier.py:84]: Setting SW15 footprint position: (134537500, 53575000)
[board_modifier.py:64]: Searching for SW16 footprint in C:/Users/devcat/Nextcloud/work/dev/KiCAD/20240224_KeyBoard_R/20240224_KeyBoard_R.kicad_pcb
[board_modifier.py:84]: Setting SW16 footprint position: (153587500, 53575000)
[board_modifier.py:64]: Searching for SW17 footprint in C:/Users/devcat/Nextcloud/work/dev/KiCAD/20240224_KeyBoard_R/20240224_KeyBoard_R.kicad_pcb
[board_modifier.py:84]: Setting SW17 footprint position: (184543750, 63100000)
[board_modifier.py:64]: Searching for SW18 footprint in C:/Users/devcat/Nextcloud/work/dev/KiCAD/20240224_KeyBoard_R/20240224_KeyBoard_R.kicad_pcb
[board_modifier.py:84]: Setting SW18 footprint position: (44050000, 72625000)
[board_modifier.py:64]: Searching for SW19 footprint in C:/Users/devcat/Nextcloud/work/dev/KiCAD/20240224_KeyBoard_R/20240224_KeyBoard_R.kicad_pcb
[board_modifier.py:84]: Setting SW19 footprint position: (63100000, 72625000)
[board_modifier.py:64]: Searching for SW20 footprint in C:/Users/devcat/Nextcloud/work/dev/KiCAD/20240224_KeyBoard_R/20240224_KeyBoard_R.kicad_pcb
[board_modifier.py:84]: Setting SW20 footprint position: (82150000, 72625000)
[board_modifier.py:64]: Searching for SW21 footprint in C:/Users/devcat/Nextcloud/work/dev/KiCAD/20240224_KeyBoard_R/20240224_KeyBoard_R.kicad_pcb
[board_modifier.py:84]: Setting SW21 footprint position: (101200000, 72625000)
[board_modifier.py:64]: Searching for SW22 footprint in C:/Users/devcat/Nextcloud/work/dev/KiCAD/20240224_KeyBoard_R/20240224_KeyBoard_R.kicad_pcb
[board_modifier.py:84]: Setting SW22 footprint position: (120250000, 72625000)
[board_modifier.py:64]: Searching for SW23 footprint in C:/Users/devcat/Nextcloud/work/dev/KiCAD/20240224_KeyBoard_R/20240224_KeyBoard_R.kicad_pcb
[board_modifier.py:84]: Setting SW23 footprint position: (139300000, 72625000)
[board_modifier.py:64]: Searching for SW24 footprint in C:/Users/devcat/Nextcloud/work/dev/KiCAD/20240224_KeyBoard_R/20240224_KeyBoard_R.kicad_pcb
[board_modifier.py:84]: Setting SW24 footprint position: (158350000, 72625000)
[board_modifier.py:64]: Searching for SW25 footprint in C:/Users/devcat/Nextcloud/work/dev/KiCAD/20240224_KeyBoard_R/20240224_KeyBoard_R.kicad_pcb
[board_modifier.py:84]: Setting SW25 footprint position: (48812500, 91675000)
[board_modifier.py:64]: Searching for SW26 footprint in C:/Users/devcat/Nextcloud/work/dev/KiCAD/20240224_KeyBoard_R/20240224_KeyBoard_R.kicad_pcb
[board_modifier.py:84]: Setting SW26 footprint position: (67862500, 91675000)
[board_modifier.py:64]: Searching for SW27 footprint in C:/Users/devcat/Nextcloud/work/dev/KiCAD/20240224_KeyBoard_R/20240224_KeyBoard_R.kicad_pcb
[board_modifier.py:84]: Setting SW27 footprint position: (86912500, 91675000)
[board_modifier.py:64]: Searching for SW28 footprint in C:/Users/devcat/Nextcloud/work/dev/KiCAD/20240224_KeyBoard_R/20240224_KeyBoard_R.kicad_pcb
[board_modifier.py:84]: Setting SW28 footprint position: (105962500, 91675000)
[board_modifier.py:64]: Searching for SW29 footprint in C:/Users/devcat/Nextcloud/work/dev/KiCAD/20240224_KeyBoard_R/20240224_KeyBoard_R.kicad_pcb
[board_modifier.py:84]: Setting SW29 footprint position: (125012500, 91675000)
[board_modifier.py:64]: Searching for SW30 footprint in C:/Users/devcat/Nextcloud/work/dev/KiCAD/20240224_KeyBoard_R/20240224_KeyBoard_R.kicad_pcb
[board_modifier.py:84]: Setting SW30 footprint position: (144062500, 91675000)
[board_modifier.py:64]: Searching for SW31 footprint in C:/Users/devcat/Nextcloud/work/dev/KiCAD/20240224_KeyBoard_R/20240224_KeyBoard_R.kicad_pcb
[board_modifier.py:84]: Setting SW31 footprint position: (167875000, 91675000)
[board_modifier.py:64]: Searching for SW32 footprint in C:/Users/devcat/Nextcloud/work/dev/KiCAD/20240224_KeyBoard_R/20240224_KeyBoard_R.kicad_pcb
[board_modifier.py:84]: Setting SW32 footprint position: (186925000, 91675000)
[board_modifier.py:64]: Searching for SW33 footprint in C:/Users/devcat/Nextcloud/work/dev/KiCAD/20240224_KeyBoard_R/20240224_KeyBoard_R.kicad_pcb
[board_modifier.py:84]: Setting SW33 footprint position: (48812500, 110725000)
[board_modifier.py:64]: Searching for SW34 footprint in C:/Users/devcat/Nextcloud/work/dev/KiCAD/20240224_KeyBoard_R/20240224_KeyBoard_R.kicad_pcb
[board_modifier.py:84]: Setting SW34 footprint position: (72625000, 110725000)
[board_modifier.py:64]: Searching for SW35 footprint in C:/Users/devcat/Nextcloud/work/dev/KiCAD/20240224_KeyBoard_R/20240224_KeyBoard_R.kicad_pcb
[board_modifier.py:84]: Setting SW35 footprint position: (91675000, 110725000)
[board_modifier.py:64]: Searching for SW36 footprint in C:/Users/devcat/Nextcloud/work/dev/KiCAD/20240224_KeyBoard_R/20240224_KeyBoard_R.kicad_pcb
[board_modifier.py:84]: Setting SW36 footprint position: (110725000, 110725000)
[board_modifier.py:64]: Searching for SW37 footprint in C:/Users/devcat/Nextcloud/work/dev/KiCAD/20240224_KeyBoard_R/20240224_KeyBoard_R.kicad_pcb
[board_modifier.py:84]: Setting SW37 footprint position: (129775000, 110725000)
[board_modifier.py:64]: Searching for SW38 footprint in C:/Users/devcat/Nextcloud/work/dev/KiCAD/20240224_KeyBoard_R/20240224_KeyBoard_R.kicad_pcb
[board_modifier.py:84]: Setting SW38 footprint position: (148825000, 110725000)
[board_modifier.py:64]: Searching for SW39 footprint in C:/Users/devcat/Nextcloud/work/dev/KiCAD/20240224_KeyBoard_R/20240224_KeyBoard_R.kicad_pcb
[board_modifier.py:84]: Setting SW39 footprint position: (167875000, 110725000)
[board_modifier.py:64]: Searching for SW40 footprint in C:/Users/devcat/Nextcloud/work/dev/KiCAD/20240224_KeyBoard_R/20240224_KeyBoard_R.kicad_pcb
[board_modifier.py:84]: Setting SW40 footprint position: (186925000, 110725000)
[board_modifier.py:97]: Getting SW1 footprint position: (34525000, 34525000)
[board_modifier.py:64]: Searching for D1 footprint in C:/Users/devcat/Nextcloud/work/dev/KiCAD/20240224_KeyBoard_R/20240224_KeyBoard_R.kicad_pcb
[board_modifier.py:84]: Setting D1 footprint position: (39605000, 38555000)
[board_modifier.py:64]: Searching for ST1 footprint in C:/Users/devcat/Nextcloud/work/dev/KiCAD/20240224_KeyBoard_R/20240224_KeyBoard_R.kicad_pcb
[board_modifier.py:67]: Footprint not found
[board_modifier.py:97]: Getting SW2 footprint position: (53575000, 34525000)
[board_modifier.py:64]: Searching for D2 footprint in C:/Users/devcat/Nextcloud/work/dev/KiCAD/20240224_KeyBoard_R/20240224_KeyBoard_R.kicad_pcb
[board_modifier.py:84]: Setting D2 footprint position: (58655000, 38555000)
[board_modifier.py:64]: Searching for ST2 footprint in C:/Users/devcat/Nextcloud/work/dev/KiCAD/20240224_KeyBoard_R/20240224_KeyBoard_R.kicad_pcb
[board_modifier.py:67]: Footprint not found
[board_modifier.py:97]: Getting SW3 footprint position: (72625000, 34525000)
[board_modifier.py:64]: Searching for D3 footprint in C:/Users/devcat/Nextcloud/work/dev/KiCAD/20240224_KeyBoard_R/20240224_KeyBoard_R.kicad_pcb
[board_modifier.py:84]: Setting D3 footprint position: (77705000, 38555000)
[board_modifier.py:64]: Searching for ST3 footprint in C:/Users/devcat/Nextcloud/work/dev/KiCAD/20240224_KeyBoard_R/20240224_KeyBoard_R.kicad_pcb
[board_modifier.py:67]: Footprint not found
[board_modifier.py:97]: Getting SW4 footprint position: (91675000, 34525000)
[board_modifier.py:64]: Searching for D4 footprint in C:/Users/devcat/Nextcloud/work/dev/KiCAD/20240224_KeyBoard_R/20240224_KeyBoard_R.kicad_pcb
[board_modifier.py:84]: Setting D4 footprint position: (96755000, 38555000)
[board_modifier.py:64]: Searching for ST4 footprint in C:/Users/devcat/Nextcloud/work/dev/KiCAD/20240224_KeyBoard_R/20240224_KeyBoard_R.kicad_pcb
[board_modifier.py:67]: Footprint not found
[board_modifier.py:97]: Getting SW5 footprint position: (110725000, 34525000)
[board_modifier.py:64]: Searching for D5 footprint in C:/Users/devcat/Nextcloud/work/dev/KiCAD/20240224_KeyBoard_R/20240224_KeyBoard_R.kicad_pcb
[board_modifier.py:84]: Setting D5 footprint position: (115805000, 38555000)
[board_modifier.py:64]: Searching for ST5 footprint in C:/Users/devcat/Nextcloud/work/dev/KiCAD/20240224_KeyBoard_R/20240224_KeyBoard_R.kicad_pcb
[board_modifier.py:67]: Footprint not found
[board_modifier.py:97]: Getting SW6 footprint position: (129775000, 34525000)
[board_modifier.py:64]: Searching for D6 footprint in C:/Users/devcat/Nextcloud/work/dev/KiCAD/20240224_KeyBoard_R/20240224_KeyBoard_R.kicad_pcb
[board_modifier.py:84]: Setting D6 footprint position: (134855000, 38555000)
[board_modifier.py:64]: Searching for ST6 footprint in C:/Users/devcat/Nextcloud/work/dev/KiCAD/20240224_KeyBoard_R/20240224_KeyBoard_R.kicad_pcb
[board_modifier.py:67]: Footprint not found
[board_modifier.py:97]: Getting SW7 footprint position: (148825000, 34525000)
[board_modifier.py:64]: Searching for D7 footprint in C:/Users/devcat/Nextcloud/work/dev/KiCAD/20240224_KeyBoard_R/20240224_KeyBoard_R.kicad_pcb
[board_modifier.py:84]: Setting D7 footprint position: (153905000, 38555000)
[board_modifier.py:64]: Searching for ST7 footprint in C:/Users/devcat/Nextcloud/work/dev/KiCAD/20240224_KeyBoard_R/20240224_KeyBoard_R.kicad_pcb
[board_modifier.py:67]: Footprint not found
[board_modifier.py:97]: Getting SW8 footprint position: (167875000, 34525000)
[board_modifier.py:64]: Searching for D8 footprint in C:/Users/devcat/Nextcloud/work/dev/KiCAD/20240224_KeyBoard_R/20240224_KeyBoard_R.kicad_pcb
[board_modifier.py:84]: Setting D8 footprint position: (172955000, 38555000)
[board_modifier.py:64]: Searching for ST8 footprint in C:/Users/devcat/Nextcloud/work/dev/KiCAD/20240224_KeyBoard_R/20240224_KeyBoard_R.kicad_pcb
[board_modifier.py:67]: Footprint not found
[board_modifier.py:97]: Getting SW9 footprint position: (186925000, 34525000)
[board_modifier.py:64]: Searching for D9 footprint in C:/Users/devcat/Nextcloud/work/dev/KiCAD/20240224_KeyBoard_R/20240224_KeyBoard_R.kicad_pcb
[board_modifier.py:84]: Setting D9 footprint position: (192005000, 38555000)
[board_modifier.py:64]: Searching for ST9 footprint in C:/Users/devcat/Nextcloud/work/dev/KiCAD/20240224_KeyBoard_R/20240224_KeyBoard_R.kicad_pcb
[board_modifier.py:67]: Footprint not found
[board_modifier.py:97]: Getting SW10 footprint position: (39287500, 53575000)
[board_modifier.py:64]: Searching for D10 footprint in C:/Users/devcat/Nextcloud/work/dev/KiCAD/20240224_KeyBoard_R/20240224_KeyBoard_R.kicad_pcb
[board_modifier.py:84]: Setting D10 footprint position: (44367500, 57605000)
[board_modifier.py:64]: Searching for ST10 footprint in C:/Users/devcat/Nextcloud/work/dev/KiCAD/20240224_KeyBoard_R/20240224_KeyBoard_R.kicad_pcb
[board_modifier.py:67]: Footprint not found
[board_modifier.py:97]: Getting SW11 footprint position: (58337500, 53575000)
[board_modifier.py:64]: Searching for D11 footprint in C:/Users/devcat/Nextcloud/work/dev/KiCAD/20240224_KeyBoard_R/20240224_KeyBoard_R.kicad_pcb
[board_modifier.py:84]: Setting D11 footprint position: (63417500, 57605000)
[board_modifier.py:64]: Searching for ST11 footprint in C:/Users/devcat/Nextcloud/work/dev/KiCAD/20240224_KeyBoard_R/20240224_KeyBoard_R.kicad_pcb
[board_modifier.py:67]: Footprint not found
[board_modifier.py:97]: Getting SW12 footprint position: (77387500, 53575000)
[board_modifier.py:64]: Searching for D12 footprint in C:/Users/devcat/Nextcloud/work/dev/KiCAD/20240224_KeyBoard_R/20240224_KeyBoard_R.kicad_pcb
[board_modifier.py:84]: Setting D12 footprint position: (82467500, 57605000)
[board_modifier.py:64]: Searching for ST12 footprint in C:/Users/devcat/Nextcloud/work/dev/KiCAD/20240224_KeyBoard_R/20240224_KeyBoard_R.kicad_pcb
[board_modifier.py:67]: Footprint not found
[board_modifier.py:97]: Getting SW13 footprint position: (96437500, 53575000)
[board_modifier.py:64]: Searching for D13 footprint in C:/Users/devcat/Nextcloud/work/dev/KiCAD/20240224_KeyBoard_R/20240224_KeyBoard_R.kicad_pcb
[board_modifier.py:84]: Setting D13 footprint position: (101517500, 57605000)
[board_modifier.py:64]: Searching for ST13 footprint in C:/Users/devcat/Nextcloud/work/dev/KiCAD/20240224_KeyBoard_R/20240224_KeyBoard_R.kicad_pcb
[board_modifier.py:67]: Footprint not found
[board_modifier.py:97]: Getting SW14 footprint position: (115487500, 53575000)
[board_modifier.py:64]: Searching for D14 footprint in C:/Users/devcat/Nextcloud/work/dev/KiCAD/20240224_KeyBoard_R/20240224_KeyBoard_R.kicad_pcb
[board_modifier.py:84]: Setting D14 footprint position: (120567500, 57605000)
[board_modifier.py:64]: Searching for ST14 footprint in C:/Users/devcat/Nextcloud/work/dev/KiCAD/20240224_KeyBoard_R/20240224_KeyBoard_R.kicad_pcb
[board_modifier.py:67]: Footprint not found
[board_modifier.py:97]: Getting SW15 footprint position: (134537500, 53575000)
[board_modifier.py:64]: Searching for D15 footprint in C:/Users/devcat/Nextcloud/work/dev/KiCAD/20240224_KeyBoard_R/20240224_KeyBoard_R.kicad_pcb
[board_modifier.py:84]: Setting D15 footprint position: (139617500, 57605000)
[board_modifier.py:64]: Searching for ST15 footprint in C:/Users/devcat/Nextcloud/work/dev/KiCAD/20240224_KeyBoard_R/20240224_KeyBoard_R.kicad_pcb
[board_modifier.py:67]: Footprint not found
[board_modifier.py:97]: Getting SW16 footprint position: (153587500, 53575000)
[board_modifier.py:64]: Searching for D16 footprint in C:/Users/devcat/Nextcloud/work/dev/KiCAD/20240224_KeyBoard_R/20240224_KeyBoard_R.kicad_pcb
[board_modifier.py:84]: Setting D16 footprint position: (158667500, 57605000)
[board_modifier.py:64]: Searching for ST16 footprint in C:/Users/devcat/Nextcloud/work/dev/KiCAD/20240224_KeyBoard_R/20240224_KeyBoard_R.kicad_pcb
[board_modifier.py:67]: Footprint not found
[board_modifier.py:97]: Getting SW17 footprint position: (184543750, 63100000)
[board_modifier.py:64]: Searching for D17 footprint in C:/Users/devcat/Nextcloud/work/dev/KiCAD/20240224_KeyBoard_R/20240224_KeyBoard_R.kicad_pcb
[board_modifier.py:84]: Setting D17 footprint position: (189623750, 67130000)
[board_modifier.py:64]: Searching for ST17 footprint in C:/Users/devcat/Nextcloud/work/dev/KiCAD/20240224_KeyBoard_R/20240224_KeyBoard_R.kicad_pcb
[board_modifier.py:67]: Footprint not found
[board_modifier.py:97]: Getting SW18 footprint position: (44050000, 72625000)
[board_modifier.py:64]: Searching for D18 footprint in C:/Users/devcat/Nextcloud/work/dev/KiCAD/20240224_KeyBoard_R/20240224_KeyBoard_R.kicad_pcb
[board_modifier.py:84]: Setting D18 footprint position: (49130000, 76655000)
[board_modifier.py:64]: Searching for ST18 footprint in C:/Users/devcat/Nextcloud/work/dev/KiCAD/20240224_KeyBoard_R/20240224_KeyBoard_R.kicad_pcb
[board_modifier.py:67]: Footprint not found
[board_modifier.py:97]: Getting SW19 footprint position: (63100000, 72625000)
[board_modifier.py:64]: Searching for D19 footprint in C:/Users/devcat/Nextcloud/work/dev/KiCAD/20240224_KeyBoard_R/20240224_KeyBoard_R.kicad_pcb
[board_modifier.py:84]: Setting D19 footprint position: (68180000, 76655000)
[board_modifier.py:64]: Searching for ST19 footprint in C:/Users/devcat/Nextcloud/work/dev/KiCAD/20240224_KeyBoard_R/20240224_KeyBoard_R.kicad_pcb
[board_modifier.py:67]: Footprint not found
[board_modifier.py:97]: Getting SW20 footprint position: (82150000, 72625000)
[board_modifier.py:64]: Searching for D20 footprint in C:/Users/devcat/Nextcloud/work/dev/KiCAD/20240224_KeyBoard_R/20240224_KeyBoard_R.kicad_pcb
[board_modifier.py:84]: Setting D20 footprint position: (87230000, 76655000)
[board_modifier.py:64]: Searching for ST20 footprint in C:/Users/devcat/Nextcloud/work/dev/KiCAD/20240224_KeyBoard_R/20240224_KeyBoard_R.kicad_pcb
[board_modifier.py:67]: Footprint not found
[board_modifier.py:97]: Getting SW21 footprint position: (101200000, 72625000)
[board_modifier.py:64]: Searching for D21 footprint in C:/Users/devcat/Nextcloud/work/dev/KiCAD/20240224_KeyBoard_R/20240224_KeyBoard_R.kicad_pcb
[board_modifier.py:84]: Setting D21 footprint position: (106280000, 76655000)
[board_modifier.py:64]: Searching for ST21 footprint in C:/Users/devcat/Nextcloud/work/dev/KiCAD/20240224_KeyBoard_R/20240224_KeyBoard_R.kicad_pcb
[board_modifier.py:67]: Footprint not found
[board_modifier.py:97]: Getting SW22 footprint position: (120250000, 72625000)
[board_modifier.py:64]: Searching for D22 footprint in C:/Users/devcat/Nextcloud/work/dev/KiCAD/20240224_KeyBoard_R/20240224_KeyBoard_R.kicad_pcb
[board_modifier.py:84]: Setting D22 footprint position: (125330000, 76655000)
[board_modifier.py:64]: Searching for ST22 footprint in C:/Users/devcat/Nextcloud/work/dev/KiCAD/20240224_KeyBoard_R/20240224_KeyBoard_R.kicad_pcb
[board_modifier.py:67]: Footprint not found
[board_modifier.py:97]: Getting SW23 footprint position: (139300000, 72625000)
[board_modifier.py:64]: Searching for D23 footprint in C:/Users/devcat/Nextcloud/work/dev/KiCAD/20240224_KeyBoard_R/20240224_KeyBoard_R.kicad_pcb
[board_modifier.py:84]: Setting D23 footprint position: (144380000, 76655000)
[board_modifier.py:64]: Searching for ST23 footprint in C:/Users/devcat/Nextcloud/work/dev/KiCAD/20240224_KeyBoard_R/20240224_KeyBoard_R.kicad_pcb
[board_modifier.py:67]: Footprint not found
[board_modifier.py:97]: Getting SW24 footprint position: (158350000, 72625000)
[board_modifier.py:64]: Searching for D24 footprint in C:/Users/devcat/Nextcloud/work/dev/KiCAD/20240224_KeyBoard_R/20240224_KeyBoard_R.kicad_pcb
[board_modifier.py:84]: Setting D24 footprint position: (163430000, 76655000)
[board_modifier.py:64]: Searching for ST24 footprint in C:/Users/devcat/Nextcloud/work/dev/KiCAD/20240224_KeyBoard_R/20240224_KeyBoard_R.kicad_pcb
[board_modifier.py:67]: Footprint not found
[board_modifier.py:97]: Getting SW25 footprint position: (48812500, 91675000)
[board_modifier.py:64]: Searching for D25 footprint in C:/Users/devcat/Nextcloud/work/dev/KiCAD/20240224_KeyBoard_R/20240224_KeyBoard_R.kicad_pcb
[board_modifier.py:84]: Setting D25 footprint position: (53892500, 95705000)
[board_modifier.py:64]: Searching for ST25 footprint in C:/Users/devcat/Nextcloud/work/dev/KiCAD/20240224_KeyBoard_R/20240224_KeyBoard_R.kicad_pcb
[board_modifier.py:67]: Footprint not found
[board_modifier.py:97]: Getting SW26 footprint position: (67862500, 91675000)
[board_modifier.py:64]: Searching for D26 footprint in C:/Users/devcat/Nextcloud/work/dev/KiCAD/20240224_KeyBoard_R/20240224_KeyBoard_R.kicad_pcb
[board_modifier.py:84]: Setting D26 footprint position: (72942500, 95705000)
[board_modifier.py:64]: Searching for ST26 footprint in C:/Users/devcat/Nextcloud/work/dev/KiCAD/20240224_KeyBoard_R/20240224_KeyBoard_R.kicad_pcb
[board_modifier.py:67]: Footprint not found
[board_modifier.py:97]: Getting SW27 footprint position: (86912500, 91675000)
[board_modifier.py:64]: Searching for D27 footprint in C:/Users/devcat/Nextcloud/work/dev/KiCAD/20240224_KeyBoard_R/20240224_KeyBoard_R.kicad_pcb
[board_modifier.py:84]: Setting D27 footprint position: (91992500, 95705000)
[board_modifier.py:64]: Searching for ST27 footprint in C:/Users/devcat/Nextcloud/work/dev/KiCAD/20240224_KeyBoard_R/20240224_KeyBoard_R.kicad_pcb
[board_modifier.py:67]: Footprint not found
[board_modifier.py:97]: Getting SW28 footprint position: (105962500, 91675000)
[board_modifier.py:64]: Searching for D28 footprint in C:/Users/devcat/Nextcloud/work/dev/KiCAD/20240224_KeyBoard_R/20240224_KeyBoard_R.kicad_pcb
[board_modifier.py:84]: Setting D28 footprint position: (111042500, 95705000)
[board_modifier.py:64]: Searching for ST28 footprint in C:/Users/devcat/Nextcloud/work/dev/KiCAD/20240224_KeyBoard_R/20240224_KeyBoard_R.kicad_pcb
[board_modifier.py:67]: Footprint not found
[board_modifier.py:97]: Getting SW29 footprint position: (125012500, 91675000)
[board_modifier.py:64]: Searching for D29 footprint in C:/Users/devcat/Nextcloud/work/dev/KiCAD/20240224_KeyBoard_R/20240224_KeyBoard_R.kicad_pcb
[board_modifier.py:84]: Setting D29 footprint position: (130092500, 95705000)
[board_modifier.py:64]: Searching for ST29 footprint in C:/Users/devcat/Nextcloud/work/dev/KiCAD/20240224_KeyBoard_R/20240224_KeyBoard_R.kicad_pcb
[board_modifier.py:67]: Footprint not found
[board_modifier.py:97]: Getting SW30 footprint position: (144062500, 91675000)
[board_modifier.py:64]: Searching for D30 footprint in C:/Users/devcat/Nextcloud/work/dev/KiCAD/20240224_KeyBoard_R/20240224_KeyBoard_R.kicad_pcb
[board_modifier.py:84]: Setting D30 footprint position: (149142500, 95705000)
[board_modifier.py:64]: Searching for ST30 footprint in C:/Users/devcat/Nextcloud/work/dev/KiCAD/20240224_KeyBoard_R/20240224_KeyBoard_R.kicad_pcb
[board_modifier.py:67]: Footprint not found
[board_modifier.py:97]: Getting SW31 footprint position: (167875000, 91675000)
[board_modifier.py:64]: Searching for D31 footprint in C:/Users/devcat/Nextcloud/work/dev/KiCAD/20240224_KeyBoard_R/20240224_KeyBoard_R.kicad_pcb
[board_modifier.py:84]: Setting D31 footprint position: (172955000, 95705000)
[board_modifier.py:64]: Searching for ST31 footprint in C:/Users/devcat/Nextcloud/work/dev/KiCAD/20240224_KeyBoard_R/20240224_KeyBoard_R.kicad_pcb
[board_modifier.py:67]: Footprint not found
[board_modifier.py:97]: Getting SW32 footprint position: (186925000, 91675000)
[board_modifier.py:64]: Searching for D32 footprint in C:/Users/devcat/Nextcloud/work/dev/KiCAD/20240224_KeyBoard_R/20240224_KeyBoard_R.kicad_pcb
[board_modifier.py:84]: Setting D32 footprint position: (192005000, 95705000)
[board_modifier.py:64]: Searching for ST32 footprint in C:/Users/devcat/Nextcloud/work/dev/KiCAD/20240224_KeyBoard_R/20240224_KeyBoard_R.kicad_pcb
[board_modifier.py:67]: Footprint not found
[board_modifier.py:97]: Getting SW33 footprint position: (48812500, 110725000)
[board_modifier.py:64]: Searching for D33 footprint in C:/Users/devcat/Nextcloud/work/dev/KiCAD/20240224_KeyBoard_R/20240224_KeyBoard_R.kicad_pcb
[board_modifier.py:84]: Setting D33 footprint position: (53892500, 114755000)
[board_modifier.py:64]: Searching for ST33 footprint in C:/Users/devcat/Nextcloud/work/dev/KiCAD/20240224_KeyBoard_R/20240224_KeyBoard_R.kicad_pcb
[board_modifier.py:67]: Footprint not found
[board_modifier.py:97]: Getting SW34 footprint position: (72625000, 110725000)
[board_modifier.py:64]: Searching for D34 footprint in C:/Users/devcat/Nextcloud/work/dev/KiCAD/20240224_KeyBoard_R/20240224_KeyBoard_R.kicad_pcb
[board_modifier.py:84]: Setting D34 footprint position: (77705000, 114755000)
[board_modifier.py:64]: Searching for ST34 footprint in C:/Users/devcat/Nextcloud/work/dev/KiCAD/20240224_KeyBoard_R/20240224_KeyBoard_R.kicad_pcb
[board_modifier.py:67]: Footprint not found
[board_modifier.py:97]: Getting SW35 footprint position: (91675000, 110725000)
[board_modifier.py:64]: Searching for D35 footprint in C:/Users/devcat/Nextcloud/work/dev/KiCAD/20240224_KeyBoard_R/20240224_KeyBoard_R.kicad_pcb
[board_modifier.py:84]: Setting D35 footprint position: (96755000, 114755000)
[board_modifier.py:64]: Searching for ST35 footprint in C:/Users/devcat/Nextcloud/work/dev/KiCAD/20240224_KeyBoard_R/20240224_KeyBoard_R.kicad_pcb
[board_modifier.py:67]: Footprint not found
[board_modifier.py:97]: Getting SW36 footprint position: (110725000, 110725000)
[board_modifier.py:64]: Searching for D36 footprint in C:/Users/devcat/Nextcloud/work/dev/KiCAD/20240224_KeyBoard_R/20240224_KeyBoard_R.kicad_pcb
[board_modifier.py:84]: Setting D36 footprint position: (115805000, 114755000)
[board_modifier.py:64]: Searching for ST36 footprint in C:/Users/devcat/Nextcloud/work/dev/KiCAD/20240224_KeyBoard_R/20240224_KeyBoard_R.kicad_pcb
[board_modifier.py:67]: Footprint not found
[board_modifier.py:97]: Getting SW37 footprint position: (129775000, 110725000)
[board_modifier.py:64]: Searching for D37 footprint in C:/Users/devcat/Nextcloud/work/dev/KiCAD/20240224_KeyBoard_R/20240224_KeyBoard_R.kicad_pcb
[board_modifier.py:84]: Setting D37 footprint position: (134855000, 114755000)
[board_modifier.py:64]: Searching for ST37 footprint in C:/Users/devcat/Nextcloud/work/dev/KiCAD/20240224_KeyBoard_R/20240224_KeyBoard_R.kicad_pcb
[board_modifier.py:67]: Footprint not found
[board_modifier.py:97]: Getting SW38 footprint position: (148825000, 110725000)
[board_modifier.py:64]: Searching for D38 footprint in C:/Users/devcat/Nextcloud/work/dev/KiCAD/20240224_KeyBoard_R/20240224_KeyBoard_R.kicad_pcb
[board_modifier.py:84]: Setting D38 footprint position: (153905000, 114755000)
[board_modifier.py:64]: Searching for ST38 footprint in C:/Users/devcat/Nextcloud/work/dev/KiCAD/20240224_KeyBoard_R/20240224_KeyBoard_R.kicad_pcb
[board_modifier.py:67]: Footprint not found
[board_modifier.py:97]: Getting SW39 footprint position: (167875000, 110725000)
[board_modifier.py:64]: Searching for D39 footprint in C:/Users/devcat/Nextcloud/work/dev/KiCAD/20240224_KeyBoard_R/20240224_KeyBoard_R.kicad_pcb
[board_modifier.py:84]: Setting D39 footprint position: (172955000, 114755000)
[board_modifier.py:64]: Searching for ST39 footprint in C:/Users/devcat/Nextcloud/work/dev/KiCAD/20240224_KeyBoard_R/20240224_KeyBoard_R.kicad_pcb
[board_modifier.py:67]: Footprint not found
[board_modifier.py:97]: Getting SW40 footprint position: (186925000, 110725000)
[board_modifier.py:64]: Searching for D40 footprint in C:/Users/devcat/Nextcloud/work/dev/KiCAD/20240224_KeyBoard_R/20240224_KeyBoard_R.kicad_pcb
[board_modifier.py:84]: Setting D40 footprint position: (192005000, 114755000)
[board_modifier.py:64]: Searching for ST40 footprint in C:/Users/devcat/Nextcloud/work/dev/KiCAD/20240224_KeyBoard_R/20240224_KeyBoard_R.kicad_pcb
[board_modifier.py:67]: Footprint not found
